<?xml version="1.0" encoding="UTF-8"?>
<!-- Generated by org.testng.reporters.JUnitReportReporter -->
<testsuite skipped="0" hostname="Hp-pc" name="com.tasks.task5.TimeServerTest" tests="2" failures="0" timestamp="26 Mar 2017 11:52:42 GMT" time="0.033" errors="0">
  <testcase name="testTimeServer2" time="0.003" classname="com.tasks.task5.TimeServerTest"/>
  <testcase name="testTimeServer" time="0.030" classname="com.tasks.task5.TimeServerTest"/>
</testsuite> <!-- com.tasks.task5.TimeServerTest -->
